[2025-05-01T01:38:06.097Z] [INFO] Сервер запущен на порту 3000
[2025-05-01T01:38:22.734Z] [INFO] POST /api/amocrm/lead - ::1
[2025-05-01T01:38:22.735Z] [INFO] Получена заявка от Test (+996546547456, Bishkek)
[2025-05-01T01:38:23.477Z] [ERROR] Ошибка при создании заявки: Не удалось получить токен доступа
[2025-05-01T01:39:55.609Z] [INFO] Сервер запущен на порту 3000
[2025-05-01T01:40:20.709Z] [INFO] POST /api/amocrm/lead - ::1
[2025-05-01T01:40:20.711Z] [INFO] Получена заявка от Test (+996546534654, Bishkek)
[2025-05-01T01:40:22.369Z] [INFO] Создан новый контакт: Test (ID: 37011299)
[2025-05-01T01:40:23.045Z] [ERROR] Ошибка при создании заявки: Request failed with status code 400
[2025-05-01T01:40:23.046Z] [ERROR] Ответ amoCRM: {"validation-errors":[{"request_id":"0","errors":[{"code":"NotSupportedChoice","path":"status_id","detail":"The value you selected is not a valid choice."}]}],"title":"Bad Request","type":"https://httpstatus.es/400","status":400,"detail":"Request validation failed"}
[2025-05-01T01:49:38.427Z] [INFO] Сервер запущен на порту 3000
[2025-05-01T01:49:47.139Z] [INFO] POST /api/amocrm/lead - ::1
[2025-05-01T01:49:47.140Z] [INFO] Получена заявка от Test (+996546534654, Bishkek)
[2025-05-01T01:49:47.140Z] [INFO] UTM-метки: {"referrer":"http://localhost:5173/contact"}
[2025-05-01T01:49:48.168Z] [INFO] Создан новый контакт: Test (ID: 37011317)
[2025-05-01T01:49:48.429Z] [INFO] Выбрана воронка: Воронка БИШКЕК (ID: 9331426), статус: Неразобранное (ID: 74816046)
[2025-05-01T01:49:49.321Z] [ERROR] Ошибка при создании заявки: Request failed with status code 400
[2025-05-01T01:49:49.322Z] [ERROR] Ответ amoCRM: {"validation-errors":[{"request_id":"0","errors":[{"code":"NotSupportedChoice","path":"status_id","detail":"The value you selected is not a valid choice."}]}],"title":"Bad Request","type":"https://httpstatus.es/400","status":400,"detail":"Request validation failed"}
[2025-05-01T02:26:03.314Z] [INFO] Сервер запущен на порту 3000
[2025-05-01T02:26:37.494Z] [INFO] POST /api/amocrm/lead - ::1
[2025-05-01T02:26:37.495Z] [INFO] Получена заявка от Test (+996547665765, Ош)
[2025-05-01T02:26:37.496Z] [INFO] UTM-метки: {"referrer":"http://localhost:5173/contact"}
[2025-05-01T02:26:38.691Z] [INFO] Заявка успешно создана. ID сделки: 26257987, ID контакта: 37011691
[2025-05-01T02:28:10.586Z] [INFO] POST /api/amocrm/lead - ::1
[2025-05-01T02:28:10.586Z] [INFO] Получена заявка от Тест (+996645654754, Ош)
[2025-05-01T02:28:10.587Z] [INFO] UTM-метки: {"referrer":"http://localhost:5173/contact"}
[2025-05-01T02:28:12.309Z] [INFO] Заявка успешно создана. ID сделки: 26258111, ID контакта: 37011747
[2025-05-01T02:47:15.856Z] [INFO] Сервер запущен на порту 3000
[2025-05-01T02:48:23.810Z] [INFO] POST /api/amocrm/lead - ::1
[2025-05-01T02:48:23.811Z] [INFO] Получена заявка от Тест с телефона (+996657567646, Ош), форма: mobile
[2025-05-01T02:48:23.812Z] [INFO] UTM-метки: {"referrer":"http://localhost:5173/contact"}
[2025-05-01T02:48:25.125Z] [INFO] Заявка успешно создана. ID сделки: 26259707, ID контакта: 37012279
[2025-05-01T02:52:22.101Z] [INFO] Сервер запущен на порту 3000
[2025-05-01T02:52:43.032Z] [INFO] POST /api/amocrm/lead - ::1
[2025-05-01T02:52:43.033Z] [INFO] Получена заявка от тест с телефона 2 (+996435645645, Бишкеквы), форма: mobile
[2025-05-01T02:52:43.033Z] [INFO] UTM-метки: {"referrer":"http://localhost:5173/contact"}
[2025-05-01T02:52:44.432Z] [INFO] Заявка успешно создана. ID сделки: 26260051, ID контакта: 37012395
[2025-05-01T02:53:42.655Z] [INFO] POST /api/amocrm/lead - ::1
[2025-05-01T02:53:42.655Z] [INFO] Получена заявка от выафыу (+996523652623, Бишкек), форма: mobile
[2025-05-01T02:53:42.656Z] [INFO] UTM-метки: {"referrer":"http://localhost:5173/contact"}
[2025-05-01T02:53:44.073Z] [INFO] Заявка успешно создана. ID сделки: 26260135, ID контакта: 37012431
[2025-05-01T02:57:22.972Z] [INFO] POST /api/amocrm/lead - ::1
[2025-05-01T02:57:22.973Z] [INFO] Получена заявка от тест телефоондон (+996766786756, Бишкек), форма: mobile
[2025-05-01T02:57:22.973Z] [INFO] UTM-метки: {"referrer":"http://localhost:5173/contact"}
[2025-05-01T02:57:24.471Z] [INFO] Заявка успешно создана. ID сделки: 26260423, ID контакта: 37012541
[2025-05-01T02:59:57.079Z] [INFO] POST /api/amocrm/lead - ::1
[2025-05-01T02:59:57.080Z] [INFO] Получена заявка от тест для оша (+996556757656, Ош), форма: mobile
[2025-05-01T02:59:57.081Z] [INFO] UTM-метки: {"referrer":"http://localhost:5173/contact"}
[2025-05-01T02:59:58.772Z] [INFO] Заявка успешно создана. ID сделки: 26260629, ID контакта: 37012631
